在ubuntu14.04.4 上安装rust环境
一、使用官方指导脚本下载安装
yan@yan-Vostro-3800:/data2/tools/Rust$ curl -sSf https://static.rust-lang.org/rustup.sh | sh
rustup: gpg available. signatures will be verified
rustup: downloading manifest for 'stable'
rustup: command failed: curl -s -f -O https://static.rust-lang.org/dist/channel-rust-stable.toml.sha256
rustup: couldn't download checksum file 'https://static.rust-lang.org/dist/channel-rust-stable.toml.sha256'
rustup: downloading manifest for 'stable'
rustup: downloading toolchain for 'stable'
######################################################################## 100.0%
gpg: Signature made 2016年03月02日 星期三 10时14分02秒 CST using RSA key ID 7B3B09DC
gpg: Good signature from "Rust Language (Tag and Release Signing Key) <rust-key@rust-lang.org>"
gpg: WARNING: This key is not certified with a trusted signature!
gpg:          There is no indication that the signature belongs to the owner.
Primary key fingerprint: 108F 6620 5EAE B0AA A8DD  5E1C 85AB 96E6 FA1B E5FE
     Subkey fingerprint: C134 66B7 E169 A085 1886  3216 5CB4 A934 7B3B 09DC
rustup: installing toolchain for 'stable'
rustup: extracting installer
[sudo] password for yan: 
install: creating uninstall script at /usr/local/lib/rustlib/uninstall.sh
install: installing component 'rustc'
install: installing component 'rust-std-x86_64-unknown-linux-gnu'
install: installing component 'rust-docs'
install: installing component 'cargo'

    Rust is ready to roll.


安装完后/data2/tools/Rust 下面没有东西，这个脚本安装挺干净的 赞!!!
二、下载官方安装包
https://www.rust-lang.org/ 官方点  INSTALL 下载安装包
https://static.rust-lang.org/dist/rust-1.7.0-x86_64-unknown-linux-gnu.tar.gz
